{
  "RSpec": {
    "coverage": {
      "/Users/torienyart/Documents/TORI ENYART/Turing/3mod/projects/psydiary_front_end/config/environment.rb": {
        "lines": [
          null,
          1,
          null,
          null,
          1
        ]
      },
      "/Users/torienyart/Documents/TORI ENYART/Turing/3mod/projects/psydiary_front_end/config/application.rb": {
        "lines": [
          1,
          null,
          1,
          null,
          1,
          1,
          1,
          1,
          1,
          1,
          1,
          1,
          1,
          1,
          null,
          null,
          null,
          null,
          1,
          null,
          1,
          1,
          null,
          1,
          null,
          null,
          null,
          null,
          null,
          null,
          null,
          null,
          null,
          null,
          1,
          null,
          null
        ]
      },
      "/Users/torienyart/Documents/TORI ENYART/Turing/3mod/projects/psydiary_front_end/config/boot.rb": {
        "lines": [
          1,
          null,
          1,
          1
        ]
      },
      "/Users/torienyart/Documents/TORI ENYART/Turing/3mod/projects/psydiary_front_end/config/environments/test.rb": {
        "lines": [
          1,
          null,
          null,
          null,
          null,
          null,
          null,
          1,
          null,
          null,
          null,
          1,
          null,
          null,
          null,
          null,
          1,
          null,
          null,
          1,
          1,
          null,
          null,
          null,
          null,
          1,
          1,
          1,
          null,
          null,
          1,
          null,
          null,
          1,
          null,
          null,
          1,
          null,
          1,
          null,
          null,
          null,
          null,
          1,
          null,
          null,
          1,
          null,
          null,
          1,
          null,
          null,
          1,
          null,
          null,
          null,
          null,
          null,
          null,
          null
        ]
      },
      "/Users/torienyart/Documents/TORI ENYART/Turing/3mod/projects/psydiary_front_end/config/initializers/assets.rb": {
        "lines": [
          null,
          null,
          null,
          1,
          null,
          null,
          null,
          null,
          null,
          null,
          null,
          null
        ]
      },
      "/Users/torienyart/Documents/TORI ENYART/Turing/3mod/projects/psydiary_front_end/config/initializers/content_security_policy.rb": {
        "lines": [
          null,
          null,
          null,
          null,
          null,
          null,
          null,
          null,
          null,
          null,
          null,
          null,
          null,
          null,
          null,
          null,
          null,
          null,
          null,
          null,
          null,
          null,
          null,
          null,
          null
        ]
      },
      "/Users/torienyart/Documents/TORI ENYART/Turing/3mod/projects/psydiary_front_end/config/initializers/filter_parameter_logging.rb": {
        "lines": [
          null,
          null,
          null,
          null,
          null,
          1,
          null,
          null
        ]
      },
      "/Users/torienyart/Documents/TORI ENYART/Turing/3mod/projects/psydiary_front_end/config/initializers/inflections.rb": {
        "lines": [
          null,
          null,
          null,
          null,
          null,
          null,
          null,
          null,
          null,
          null,
          null,
          null,
          null,
          null,
          null,
          null
        ]
      },
      "/Users/torienyart/Documents/TORI ENYART/Turing/3mod/projects/psydiary_front_end/config/initializers/permissions_policy.rb": {
        "lines": [
          null,
          null,
          null,
          null,
          null,
          null,
          null,
          null,
          null,
          null,
          null
        ]
      },
      "/Users/torienyart/Documents/TORI ENYART/Turing/3mod/projects/psydiary_front_end/spec/factories/user.rb": {
        "lines": [
          null,
          null,
          null,
          null,
          null,
          null,
          null,
          null,
          null,
          null,
          null
        ]
      },
      "/Users/torienyart/Documents/TORI ENYART/Turing/3mod/projects/psydiary_front_end/spec/factories/users.rb": {
        "lines": [
          1,
          1,
          1,
          1,
          1,
          1,
          1,
          1,
          null,
          null
        ]
      },
      "/Users/torienyart/Documents/TORI ENYART/Turing/3mod/projects/psydiary_front_end/config/routes.rb": {
        "lines": [
          1,
          null,
          null,
          null,
          null,
          null,
          1,
          null,
          1,
          1,
          1,
          null,
          1,
          1,
          null,
          1,
          1,
          1,
          null,
          null,
          1,
          1,
          null,
          null,
          1,
          null
        ]
      },
      "/Users/torienyart/Documents/TORI ENYART/Turing/3mod/projects/psydiary_front_end/app/helpers/application_helper.rb": {
        "lines": [
          1,
          null
        ]
      },
      "/Users/torienyart/Documents/TORI ENYART/Turing/3mod/projects/psydiary_front_end/spec/support/factory_bot.rb": {
        "lines": [
          null,
          null,
          null
        ]
      },
      "/Users/torienyart/Documents/TORI ENYART/Turing/3mod/projects/psydiary_front_end/app/controllers/welcome_controller.rb": {
        "lines": [
          1,
          1,
          null,
          null,
          null
        ]
      },
      "/Users/torienyart/Documents/TORI ENYART/Turing/3mod/projects/psydiary_front_end/app/controllers/application_controller.rb": {
        "lines": [
          1,
          1,
          null,
          1,
          21,
          null,
          null
        ]
      },
      "/Users/torienyart/Documents/TORI ENYART/Turing/3mod/projects/psydiary_front_end/app/controllers/users_controller.rb": {
        "lines": [
          1,
          1,
          null,
          null,
          null,
          1,
          0,
          0,
          0,
          0,
          null,
          0,
          0,
          null,
          null,
          null,
          1,
          1,
          null,
          null,
          1,
          null,
          null,
          1,
          1,
          null,
          1,
          0,
          0,
          null,
          1,
          1,
          1,
          null,
          null,
          null,
          1,
          1,
          1,
          1,
          null,
          null,
          1,
          1,
          1,
          null,
          null
        ]
      },
      "/Users/torienyart/Documents/TORI ENYART/Turing/3mod/projects/psydiary_front_end/app/facades/psydiary_facade.rb": {
        "lines": [
          1,
          null,
          1,
          3,
          null,
          null,
          1,
          0,
          0,
          0,
          0,
          null,
          null,
          1,
          7,
          7,
          7,
          null,
          null,
          1,
          1,
          1,
          1,
          3,
          2,
          null,
          1,
          null,
          null,
          null,
          null,
          1,
          1,
          1,
          1,
          null,
          null
        ]
      },
      "/Users/torienyart/Documents/TORI ENYART/Turing/3mod/projects/psydiary_front_end/app/services/psydiary_service.rb": {
        "lines": [
          1,
          null,
          1,
          1,
          0,
          0,
          null,
          null,
          null,
          1,
          0,
          0,
          null,
          null,
          null,
          1,
          0,
          0,
          null,
          null,
          null,
          1,
          7,
          null,
          null,
          1,
          1,
          null,
          null,
          1,
          1,
          1,
          1,
          null,
          null,
          1,
          null,
          null,
          1,
          null,
          1,
          9,
          null,
          null
        ]
      },
      "/Users/torienyart/Documents/TORI ENYART/Turing/3mod/projects/psydiary_front_end/app/poros/user.rb": {
        "lines": [
          1,
          1,
          null,
          1,
          8,
          8,
          8,
          8,
          8,
          null,
          null,
          1,
          1,
          null,
          null
        ]
      },
      "/Users/torienyart/Documents/TORI ENYART/Turing/3mod/projects/psydiary_front_end/app/poros/daily_log_entry.rb": {
        "lines": [
          1,
          1,
          null,
          null,
          null,
          null,
          null,
          null,
          null,
          null,
          null,
          null,
          null,
          null,
          1,
          2,
          2,
          2,
          2,
          2,
          2,
          2,
          2,
          2,
          2,
          2,
          2,
          2,
          null,
          null,
          null,
          1,
          2,
          null,
          null,
          null
        ]
      },
      "/Users/torienyart/Documents/TORI ENYART/Turing/3mod/projects/psydiary_front_end/app/poros/microdose_log_entry.rb": {
        "lines": [
          1,
          1,
          null,
          null,
          null,
          null,
          null,
          null,
          null,
          null,
          null,
          null,
          null,
          null,
          1,
          1,
          1,
          1,
          1,
          1,
          1,
          1,
          1,
          1,
          1,
          1,
          1,
          1,
          null,
          null,
          1,
          1,
          null,
          null
        ]
      }
    },
    "timestamp": 1681776488
  }
}
